The system is: Linux - 5.15.71-1-MANJARO - x86_64
Compiling the C compiler identification source file "CMakeCCompilerId.c" succeeded.
Compiler: /usr/bin/cc 
Build flags: 
Id flags:  

The output was:
0


Compilation of the C compiler identification source "CMakeCCompilerId.c" produced "a.out"

The C compiler identification is GNU, found in "/home/matejs/Projects/School/SEM/atmosphere-bac/build/clang-x86_64-linux-gnu/CMakeFiles/3.24.2/CompilerIdC/a.out"

Compiling the CXX compiler identification source file "CMakeCXXCompilerId.cpp" succeeded.
Compiler: /usr/bin/c++ 
Build flags: 
Id flags:  

The output was:
0


Compilation of the CXX compiler identification source "CMakeCXXCompilerId.cpp" produced "a.out"

The CXX compiler identification is GNU, found in "/home/matejs/Projects/School/SEM/atmosphere-bac/build/clang-x86_64-linux-gnu/CMakeFiles/3.24.2/CompilerIdCXX/a.out"

Detecting C compiler ABI info compiled with the following output:
Change Dir: /home/matejs/Projects/School/SEM/atmosphere-bac/build/clang-x86_64-linux-gnu/CMakeFiles/CMakeTmp

Run Build Command(s):/usr/bin/ninja cmTC_c0e68 && [1/2] Building C object CMakeFiles/cmTC_c0e68.dir/Debug/CMakeCCompilerABI.c.o
Using built-in specs.
COLLECT_GCC=/usr/bin/cc
Target: x86_64-pc-linux-gnu
Configured with: /build/gcc/src/gcc/configure --enable-languages=c,c++,ada,fortran,go,lto,objc,obj-c++,d --enable-bootstrap --prefix=/usr --libdir=/usr/lib --libexecdir=/usr/lib --mandir=/usr/share/man --infodir=/usr/share/info --with-bugurl=https://bugs.archlinux.org/ --with-build-config=bootstrap-lto --with-linker-hash-style=gnu --with-system-zlib --enable-__cxa_atexit --enable-cet=auto --enable-checking=release --enable-clocale=gnu --enable-default-pie --enable-default-ssp --enable-gnu-indirect-function --enable-gnu-unique-object --enable-libstdcxx-backtrace --enable-link-serialization=1 --enable-linker-build-id --enable-lto --enable-multilib --enable-plugin --enable-shared --enable-threads=posix --disable-libssp --disable-libstdcxx-pch --disable-werror
Thread model: posix
Supported LTO compression algorithms: zlib zstd
gcc version 12.2.0 (GCC) 
COLLECT_GCC_OPTIONS='-D' 'CMAKE_INTDIR="Debug"' '-g' '-v' '-o' 'CMakeFiles/cmTC_c0e68.dir/Debug/CMakeCCompilerABI.c.o' '-c' '-mtune=generic' '-march=x86-64' '-dumpdir' 'CMakeFiles/cmTC_c0e68.dir/Debug/'
 /usr/lib/gcc/x86_64-pc-linux-gnu/12.2.0/cc1 -quiet -v -D CMAKE_INTDIR="Debug" /usr/share/cmake/Modules/CMakeCCompilerABI.c -quiet -dumpdir CMakeFiles/cmTC_c0e68.dir/Debug/ -dumpbase CMakeCCompilerABI.c.c -dumpbase-ext .c -mtune=generic -march=x86-64 -g -version -o /tmp/cc2UfjTs.s
GNU C17 (GCC) version 12.2.0 (x86_64-pc-linux-gnu)
	compiled by GNU C version 12.2.0, GMP version 6.2.1, MPFR version 4.1.0-p13, MPC version 1.2.1, isl version isl-0.25-GMP

GGC heuristics: --param ggc-min-expand=100 --param ggc-min-heapsize=131072
ignoring nonexistent directory "/usr/lib/gcc/x86_64-pc-linux-gnu/12.2.0/../../../../x86_64-pc-linux-gnu/include"
#include "..." search starts here:
#include <...> search starts here:
 /usr/lib/gcc/x86_64-pc-linux-gnu/12.2.0/include
 /usr/local/include
 /usr/lib/gcc/x86_64-pc-linux-gnu/12.2.0/include-fixed
 /usr/include
End of search list.
GNU C17 (GCC) version 12.2.0 (x86_64-pc-linux-gnu)
	compiled by GNU C version 12.2.0, GMP version 6.2.1, MPFR version 4.1.0-p13, MPC version 1.2.1, isl version isl-0.25-GMP

GGC heuristics: --param ggc-min-expand=100 --param ggc-min-heapsize=131072
Compiler executable checksum: 4b798a352742e8322eaa4a166b8f6299
COLLECT_GCC_OPTIONS='-D' 'CMAKE_INTDIR="Debug"' '-g' '-v' '-o' 'CMakeFiles/cmTC_c0e68.dir/Debug/CMakeCCompilerABI.c.o' '-c' '-mtune=generic' '-march=x86-64' '-dumpdir' 'CMakeFiles/cmTC_c0e68.dir/Debug/'
 as -v --gdwarf-5 --64 -o CMakeFiles/cmTC_c0e68.dir/Debug/CMakeCCompilerABI.c.o /tmp/cc2UfjTs.s
GNU assembler version 2.39.0 (x86_64-pc-linux-gnu) using BFD version (GNU Binutils) 2.39.0
COMPILER_PATH=/usr/lib/gcc/x86_64-pc-linux-gnu/12.2.0/:/usr/lib/gcc/x86_64-pc-linux-gnu/12.2.0/:/usr/lib/gcc/x86_64-pc-linux-gnu/:/usr/lib/gcc/x86_64-pc-linux-gnu/12.2.0/:/usr/lib/gcc/x86_64-pc-linux-gnu/
LIBRARY_PATH=/usr/lib/gcc/x86_64-pc-linux-gnu/12.2.0/:/usr/lib/gcc/x86_64-pc-linux-gnu/12.2.0/../../../../lib/:/lib/../lib/:/usr/lib/../lib/:/usr/lib/gcc/x86_64-pc-linux-gnu/12.2.0/../../../:/lib/:/usr/lib/
COLLECT_GCC_OPTIONS='-D' 'CMAKE_INTDIR="Debug"' '-g' '-v' '-o' 'CMakeFiles/cmTC_c0e68.dir/Debug/CMakeCCompilerABI.c.o' '-c' '-mtune=generic' '-march=x86-64' '-dumpdir' 'CMakeFiles/cmTC_c0e68.dir/Debug/CMakeCCompilerABI.c.'
[2/2] Linking C executable Debug/cmTC_c0e68
Using built-in specs.
COLLECT_GCC=/usr/bin/cc
COLLECT_LTO_WRAPPER=/usr/lib/gcc/x86_64-pc-linux-gnu/12.2.0/lto-wrapper
Target: x86_64-pc-linux-gnu
Configured with: /build/gcc/src/gcc/configure --enable-languages=c,c++,ada,fortran,go,lto,objc,obj-c++,d --enable-bootstrap --prefix=/usr --libdir=/usr/lib --libexecdir=/usr/lib --mandir=/usr/share/man --infodir=/usr/share/info --with-bugurl=https://bugs.archlinux.org/ --with-build-config=bootstrap-lto --with-linker-hash-style=gnu --with-system-zlib --enable-__cxa_atexit --enable-cet=auto --enable-checking=release --enable-clocale=gnu --enable-default-pie --enable-default-ssp --enable-gnu-indirect-function --enable-gnu-unique-object --enable-libstdcxx-backtrace --enable-link-serialization=1 --enable-linker-build-id --enable-lto --enable-multilib --enable-plugin --enable-shared --enable-threads=posix --disable-libssp --disable-libstdcxx-pch --disable-werror
Thread model: posix
Supported LTO compression algorithms: zlib zstd
gcc version 12.2.0 (GCC) 
COMPILER_PATH=/usr/lib/gcc/x86_64-pc-linux-gnu/12.2.0/:/usr/lib/gcc/x86_64-pc-linux-gnu/12.2.0/:/usr/lib/gcc/x86_64-pc-linux-gnu/:/usr/lib/gcc/x86_64-pc-linux-gnu/12.2.0/:/usr/lib/gcc/x86_64-pc-linux-gnu/
LIBRARY_PATH=/usr/lib/gcc/x86_64-pc-linux-gnu/12.2.0/:/usr/lib/gcc/x86_64-pc-linux-gnu/12.2.0/../../../../lib/:/lib/../lib/:/usr/lib/../lib/:/usr/lib/gcc/x86_64-pc-linux-gnu/12.2.0/../../../:/lib/:/usr/lib/
COLLECT_GCC_OPTIONS='-g' '-v' '-o' 'Debug/cmTC_c0e68' '-mtune=generic' '-march=x86-64' '-dumpdir' 'Debug/cmTC_c0e68.'
 /usr/lib/gcc/x86_64-pc-linux-gnu/12.2.0/collect2 -plugin /usr/lib/gcc/x86_64-pc-linux-gnu/12.2.0/liblto_plugin.so -plugin-opt=/usr/lib/gcc/x86_64-pc-linux-gnu/12.2.0/lto-wrapper -plugin-opt=-fresolution=/tmp/ccboR5a9.res -plugin-opt=-pass-through=-lgcc -plugin-opt=-pass-through=-lgcc_s -plugin-opt=-pass-through=-lc -plugin-opt=-pass-through=-lgcc -plugin-opt=-pass-through=-lgcc_s --build-id --eh-frame-hdr --hash-style=gnu -m elf_x86_64 -dynamic-linker /lib64/ld-linux-x86-64.so.2 -pie -o Debug/cmTC_c0e68 /usr/lib/gcc/x86_64-pc-linux-gnu/12.2.0/../../../../lib/Scrt1.o /usr/lib/gcc/x86_64-pc-linux-gnu/12.2.0/../../../../lib/crti.o /usr/lib/gcc/x86_64-pc-linux-gnu/12.2.0/crtbeginS.o -L/usr/lib/gcc/x86_64-pc-linux-gnu/12.2.0 -L/usr/lib/gcc/x86_64-pc-linux-gnu/12.2.0/../../../../lib -L/lib/../lib -L/usr/lib/../lib -L/usr/lib/gcc/x86_64-pc-linux-gnu/12.2.0/../../.. CMakeFiles/cmTC_c0e68.dir/Debug/CMakeCCompilerABI.c.o -lgcc --push-state --as-needed -lgcc_s --pop-state -lc -lgcc --push-state --as-needed -lgcc_s --pop-state /usr/lib/gcc/x86_64-pc-linux-gnu/12.2.0/crtendS.o /usr/lib/gcc/x86_64-pc-linux-gnu/12.2.0/../../../../lib/crtn.o
COLLECT_GCC_OPTIONS='-g' '-v' '-o' 'Debug/cmTC_c0e68' '-mtune=generic' '-march=x86-64' '-dumpdir' 'Debug/cmTC_c0e68.'



Parsed C implicit include dir info from above output: rv=done
  found start of include info
  found start of implicit include info
    add: [/usr/lib/gcc/x86_64-pc-linux-gnu/12.2.0/include]
    add: [/usr/local/include]
    add: [/usr/lib/gcc/x86_64-pc-linux-gnu/12.2.0/include-fixed]
    add: [/usr/include]
  end of search list found
  collapse include dir [/usr/lib/gcc/x86_64-pc-linux-gnu/12.2.0/include] ==> [/usr/lib/gcc/x86_64-pc-linux-gnu/12.2.0/include]
  collapse include dir [/usr/local/include] ==> [/usr/local/include]
  collapse include dir [/usr/lib/gcc/x86_64-pc-linux-gnu/12.2.0/include-fixed] ==> [/usr/lib/gcc/x86_64-pc-linux-gnu/12.2.0/include-fixed]
  collapse include dir [/usr/include] ==> [/usr/include]
  implicit include dirs: [/usr/lib/gcc/x86_64-pc-linux-gnu/12.2.0/include;/usr/local/include;/usr/lib/gcc/x86_64-pc-linux-gnu/12.2.0/include-fixed;/usr/include]


Parsed C implicit link information from above output:
  link line regex: [^( *|.*[/\])(ld|CMAKE_LINK_STARTFILE-NOTFOUND|([^/\]+-)?ld|collect2)[^/\]*( |$)]
  ignore line: [Change Dir: /home/matejs/Projects/School/SEM/atmosphere-bac/build/clang-x86_64-linux-gnu/CMakeFiles/CMakeTmp]
  ignore line: []
  ignore line: [Run Build Command(s):/usr/bin/ninja cmTC_c0e68 && [1/2] Building C object CMakeFiles/cmTC_c0e68.dir/Debug/CMakeCCompilerABI.c.o]
  ignore line: [Using built-in specs.]
  ignore line: [COLLECT_GCC=/usr/bin/cc]
  ignore line: [Target: x86_64-pc-linux-gnu]
  ignore line: [Configured with: /build/gcc/src/gcc/configure --enable-languages=c c++ ada fortran go lto objc obj-c++ d --enable-bootstrap --prefix=/usr --libdir=/usr/lib --libexecdir=/usr/lib --mandir=/usr/share/man --infodir=/usr/share/info --with-bugurl=https://bugs.archlinux.org/ --with-build-config=bootstrap-lto --with-linker-hash-style=gnu --with-system-zlib --enable-__cxa_atexit --enable-cet=auto --enable-checking=release --enable-clocale=gnu --enable-default-pie --enable-default-ssp --enable-gnu-indirect-function --enable-gnu-unique-object --enable-libstdcxx-backtrace --enable-link-serialization=1 --enable-linker-build-id --enable-lto --enable-multilib --enable-plugin --enable-shared --enable-threads=posix --disable-libssp --disable-libstdcxx-pch --disable-werror]
  ignore line: [Thread model: posix]
  ignore line: [Supported LTO compression algorithms: zlib zstd]
  ignore line: [gcc version 12.2.0 (GCC) ]
  ignore line: [COLLECT_GCC_OPTIONS='-D' 'CMAKE_INTDIR="Debug"' '-g' '-v' '-o' 'CMakeFiles/cmTC_c0e68.dir/Debug/CMakeCCompilerABI.c.o' '-c' '-mtune=generic' '-march=x86-64' '-dumpdir' 'CMakeFiles/cmTC_c0e68.dir/Debug/']
  ignore line: [ /usr/lib/gcc/x86_64-pc-linux-gnu/12.2.0/cc1 -quiet -v -D CMAKE_INTDIR="Debug" /usr/share/cmake/Modules/CMakeCCompilerABI.c -quiet -dumpdir CMakeFiles/cmTC_c0e68.dir/Debug/ -dumpbase CMakeCCompilerABI.c.c -dumpbase-ext .c -mtune=generic -march=x86-64 -g -version -o /tmp/cc2UfjTs.s]
  ignore line: [GNU C17 (GCC) version 12.2.0 (x86_64-pc-linux-gnu)]
  ignore line: [	compiled by GNU C version 12.2.0  GMP version 6.2.1  MPFR version 4.1.0-p13  MPC version 1.2.1  isl version isl-0.25-GMP]
  ignore line: []
  ignore line: [GGC heuristics: --param ggc-min-expand=100 --param ggc-min-heapsize=131072]
  ignore line: [ignoring nonexistent directory "/usr/lib/gcc/x86_64-pc-linux-gnu/12.2.0/../../../../x86_64-pc-linux-gnu/include"]
  ignore line: [#include "..." search starts here:]
  ignore line: [#include <...> search starts here:]
  ignore line: [ /usr/lib/gcc/x86_64-pc-linux-gnu/12.2.0/include]
  ignore line: [ /usr/local/include]
  ignore line: [ /usr/lib/gcc/x86_64-pc-linux-gnu/12.2.0/include-fixed]
  ignore line: [ /usr/include]
  ignore line: [End of search list.]
  ignore line: [GNU C17 (GCC) version 12.2.0 (x86_64-pc-linux-gnu)]
  ignore line: [	compiled by GNU C version 12.2.0  GMP version 6.2.1  MPFR version 4.1.0-p13  MPC version 1.2.1  isl version isl-0.25-GMP]
  ignore line: []
  ignore line: [GGC heuristics: --param ggc-min-expand=100 --param ggc-min-heapsize=131072]
  ignore line: [Compiler executable checksum: 4b798a352742e8322eaa4a166b8f6299]
  ignore line: [COLLECT_GCC_OPTIONS='-D' 'CMAKE_INTDIR="Debug"' '-g' '-v' '-o' 'CMakeFiles/cmTC_c0e68.dir/Debug/CMakeCCompilerABI.c.o' '-c' '-mtune=generic' '-march=x86-64' '-dumpdir' 'CMakeFiles/cmTC_c0e68.dir/Debug/']
  ignore line: [ as -v --gdwarf-5 --64 -o CMakeFiles/cmTC_c0e68.dir/Debug/CMakeCCompilerABI.c.o /tmp/cc2UfjTs.s]
  ignore line: [GNU assembler version 2.39.0 (x86_64-pc-linux-gnu) using BFD version (GNU Binutils) 2.39.0]
  ignore line: [COMPILER_PATH=/usr/lib/gcc/x86_64-pc-linux-gnu/12.2.0/:/usr/lib/gcc/x86_64-pc-linux-gnu/12.2.0/:/usr/lib/gcc/x86_64-pc-linux-gnu/:/usr/lib/gcc/x86_64-pc-linux-gnu/12.2.0/:/usr/lib/gcc/x86_64-pc-linux-gnu/]
  ignore line: [LIBRARY_PATH=/usr/lib/gcc/x86_64-pc-linux-gnu/12.2.0/:/usr/lib/gcc/x86_64-pc-linux-gnu/12.2.0/../../../../lib/:/lib/../lib/:/usr/lib/../lib/:/usr/lib/gcc/x86_64-pc-linux-gnu/12.2.0/../../../:/lib/:/usr/lib/]
  ignore line: [COLLECT_GCC_OPTIONS='-D' 'CMAKE_INTDIR="Debug"' '-g' '-v' '-o' 'CMakeFiles/cmTC_c0e68.dir/Debug/CMakeCCompilerABI.c.o' '-c' '-mtune=generic' '-march=x86-64' '-dumpdir' 'CMakeFiles/cmTC_c0e68.dir/Debug/CMakeCCompilerABI.c.']
  ignore line: [[2/2] Linking C executable Debug/cmTC_c0e68]
  ignore line: [Using built-in specs.]
  ignore line: [COLLECT_GCC=/usr/bin/cc]
  ignore line: [COLLECT_LTO_WRAPPER=/usr/lib/gcc/x86_64-pc-linux-gnu/12.2.0/lto-wrapper]
  ignore line: [Target: x86_64-pc-linux-gnu]
  ignore line: [Configured with: /build/gcc/src/gcc/configure --enable-languages=c c++ ada fortran go lto objc obj-c++ d --enable-bootstrap --prefix=/usr --libdir=/usr/lib --libexecdir=/usr/lib --mandir=/usr/share/man --infodir=/usr/share/info --with-bugurl=https://bugs.archlinux.org/ --with-build-config=bootstrap-lto --with-linker-hash-style=gnu --with-system-zlib --enable-__cxa_atexit --enable-cet=auto --enable-checking=release --enable-clocale=gnu --enable-default-pie --enable-default-ssp --enable-gnu-indirect-function --enable-gnu-unique-object --enable-libstdcxx-backtrace --enable-link-serialization=1 --enable-linker-build-id --enable-lto --enable-multilib --enable-plugin --enable-shared --enable-threads=posix --disable-libssp --disable-libstdcxx-pch --disable-werror]
  ignore line: [Thread model: posix]
  ignore line: [Supported LTO compression algorithms: zlib zstd]
  ignore line: [gcc version 12.2.0 (GCC) ]
  ignore line: [COMPILER_PATH=/usr/lib/gcc/x86_64-pc-linux-gnu/12.2.0/:/usr/lib/gcc/x86_64-pc-linux-gnu/12.2.0/:/usr/lib/gcc/x86_64-pc-linux-gnu/:/usr/lib/gcc/x86_64-pc-linux-gnu/12.2.0/:/usr/lib/gcc/x86_64-pc-linux-gnu/]
  ignore line: [LIBRARY_PATH=/usr/lib/gcc/x86_64-pc-linux-gnu/12.2.0/:/usr/lib/gcc/x86_64-pc-linux-gnu/12.2.0/../../../../lib/:/lib/../lib/:/usr/lib/../lib/:/usr/lib/gcc/x86_64-pc-linux-gnu/12.2.0/../../../:/lib/:/usr/lib/]
  ignore line: [COLLECT_GCC_OPTIONS='-g' '-v' '-o' 'Debug/cmTC_c0e68' '-mtune=generic' '-march=x86-64' '-dumpdir' 'Debug/cmTC_c0e68.']
  link line: [ /usr/lib/gcc/x86_64-pc-linux-gnu/12.2.0/collect2 -plugin /usr/lib/gcc/x86_64-pc-linux-gnu/12.2.0/liblto_plugin.so -plugin-opt=/usr/lib/gcc/x86_64-pc-linux-gnu/12.2.0/lto-wrapper -plugin-opt=-fresolution=/tmp/ccboR5a9.res -plugin-opt=-pass-through=-lgcc -plugin-opt=-pass-through=-lgcc_s -plugin-opt=-pass-through=-lc -plugin-opt=-pass-through=-lgcc -plugin-opt=-pass-through=-lgcc_s --build-id --eh-frame-hdr --hash-style=gnu -m elf_x86_64 -dynamic-linker /lib64/ld-linux-x86-64.so.2 -pie -o Debug/cmTC_c0e68 /usr/lib/gcc/x86_64-pc-linux-gnu/12.2.0/../../../../lib/Scrt1.o /usr/lib/gcc/x86_64-pc-linux-gnu/12.2.0/../../../../lib/crti.o /usr/lib/gcc/x86_64-pc-linux-gnu/12.2.0/crtbeginS.o -L/usr/lib/gcc/x86_64-pc-linux-gnu/12.2.0 -L/usr/lib/gcc/x86_64-pc-linux-gnu/12.2.0/../../../../lib -L/lib/../lib -L/usr/lib/../lib -L/usr/lib/gcc/x86_64-pc-linux-gnu/12.2.0/../../.. CMakeFiles/cmTC_c0e68.dir/Debug/CMakeCCompilerABI.c.o -lgcc --push-state --as-needed -lgcc_s --pop-state -lc -lgcc --push-state --as-needed -lgcc_s --pop-state /usr/lib/gcc/x86_64-pc-linux-gnu/12.2.0/crtendS.o /usr/lib/gcc/x86_64-pc-linux-gnu/12.2.0/../../../../lib/crtn.o]
    arg [/usr/lib/gcc/x86_64-pc-linux-gnu/12.2.0/collect2] ==> ignore
    arg [-plugin] ==> ignore
    arg [/usr/lib/gcc/x86_64-pc-linux-gnu/12.2.0/liblto_plugin.so] ==> ignore
    arg [-plugin-opt=/usr/lib/gcc/x86_64-pc-linux-gnu/12.2.0/lto-wrapper] ==> ignore
    arg [-plugin-opt=-fresolution=/tmp/ccboR5a9.res] ==> ignore
    arg [-plugin-opt=-pass-through=-lgcc] ==> ignore
    arg [-plugin-opt=-pass-through=-lgcc_s] ==> ignore
    arg [-plugin-opt=-pass-through=-lc] ==> ignore
    arg [-plugin-opt=-pass-through=-lgcc] ==> ignore
    arg [-plugin-opt=-pass-through=-lgcc_s] ==> ignore
    arg [--build-id] ==> ignore
    arg [--eh-frame-hdr] ==> ignore
    arg [--hash-style=gnu] ==> ignore
    arg [-m] ==> ignore
    arg [elf_x86_64] ==> ignore
    arg [-dynamic-linker] ==> ignore
    arg [/lib64/ld-linux-x86-64.so.2] ==> ignore
    arg [-pie] ==> ignore
    arg [-o] ==> ignore
    arg [Debug/cmTC_c0e68] ==> ignore
    arg [/usr/lib/gcc/x86_64-pc-linux-gnu/12.2.0/../../../../lib/Scrt1.o] ==> obj [/usr/lib/gcc/x86_64-pc-linux-gnu/12.2.0/../../../../lib/Scrt1.o]
    arg [/usr/lib/gcc/x86_64-pc-linux-gnu/12.2.0/../../../../lib/crti.o] ==> obj [/usr/lib/gcc/x86_64-pc-linux-gnu/12.2.0/../../../../lib/crti.o]
    arg [/usr/lib/gcc/x86_64-pc-linux-gnu/12.2.0/crtbeginS.o] ==> obj [/usr/lib/gcc/x86_64-pc-linux-gnu/12.2.0/crtbeginS.o]
    arg [-L/usr/lib/gcc/x86_64-pc-linux-gnu/12.2.0] ==> dir [/usr/lib/gcc/x86_64-pc-linux-gnu/12.2.0]
    arg [-L/usr/lib/gcc/x86_64-pc-linux-gnu/12.2.0/../../../../lib] ==> dir [/usr/lib/gcc/x86_64-pc-linux-gnu/12.2.0/../../../../lib]
    arg [-L/lib/../lib] ==> dir [/lib/../lib]
    arg [-L/usr/lib/../lib] ==> dir [/usr/lib/../lib]
    arg [-L/usr/lib/gcc/x86_64-pc-linux-gnu/12.2.0/../../..] ==> dir [/usr/lib/gcc/x86_64-pc-linux-gnu/12.2.0/../../..]
    arg [CMakeFiles/cmTC_c0e68.dir/Debug/CMakeCCompilerABI.c.o] ==> ignore
    arg [-lgcc] ==> lib [gcc]
    arg [--push-state] ==> ignore
    arg [--as-needed] ==> ignore
    arg [-lgcc_s] ==> lib [gcc_s]
    arg [--pop-state] ==> ignore
    arg [-lc] ==> lib [c]
    arg [-lgcc] ==> lib [gcc]
    arg [--push-state] ==> ignore
    arg [--as-needed] ==> ignore
    arg [-lgcc_s] ==> lib [gcc_s]
    arg [--pop-state] ==> ignore
    arg [/usr/lib/gcc/x86_64-pc-linux-gnu/12.2.0/crtendS.o] ==> obj [/usr/lib/gcc/x86_64-pc-linux-gnu/12.2.0/crtendS.o]
    arg [/usr/lib/gcc/x86_64-pc-linux-gnu/12.2.0/../../../../lib/crtn.o] ==> obj [/usr/lib/gcc/x86_64-pc-linux-gnu/12.2.0/../../../../lib/crtn.o]
  collapse obj [/usr/lib/gcc/x86_64-pc-linux-gnu/12.2.0/../../../../lib/Scrt1.o] ==> [/usr/lib/Scrt1.o]
  collapse obj [/usr/lib/gcc/x86_64-pc-linux-gnu/12.2.0/../../../../lib/crti.o] ==> [/usr/lib/crti.o]
  collapse obj [/usr/lib/gcc/x86_64-pc-linux-gnu/12.2.0/../../../../lib/crtn.o] ==> [/usr/lib/crtn.o]
  collapse library dir [/usr/lib/gcc/x86_64-pc-linux-gnu/12.2.0] ==> [/usr/lib/gcc/x86_64-pc-linux-gnu/12.2.0]
  collapse library dir [/usr/lib/gcc/x86_64-pc-linux-gnu/12.2.0/../../../../lib] ==> [/usr/lib]
  collapse library dir [/lib/../lib] ==> [/lib]
  collapse library dir [/usr/lib/../lib] ==> [/usr/lib]
  collapse library dir [/usr/lib/gcc/x86_64-pc-linux-gnu/12.2.0/../../..] ==> [/usr/lib]
  implicit libs: [gcc;gcc_s;c;gcc;gcc_s]
  implicit objs: [/usr/lib/Scrt1.o;/usr/lib/crti.o;/usr/lib/gcc/x86_64-pc-linux-gnu/12.2.0/crtbeginS.o;/usr/lib/gcc/x86_64-pc-linux-gnu/12.2.0/crtendS.o;/usr/lib/crtn.o]
  implicit dirs: [/usr/lib/gcc/x86_64-pc-linux-gnu/12.2.0;/usr/lib;/lib]
  implicit fwks: []


Detecting CXX compiler ABI info compiled with the following output:
Change Dir: /home/matejs/Projects/School/SEM/atmosphere-bac/build/clang-x86_64-linux-gnu/CMakeFiles/CMakeTmp

Run Build Command(s):/usr/bin/ninja cmTC_d82b0 && [1/2] Building CXX object CMakeFiles/cmTC_d82b0.dir/Debug/CMakeCXXCompilerABI.cpp.o
Using built-in specs.
COLLECT_GCC=/usr/bin/c++
Target: x86_64-pc-linux-gnu
Configured with: /build/gcc/src/gcc/configure --enable-languages=c,c++,ada,fortran,go,lto,objc,obj-c++,d --enable-bootstrap --prefix=/usr --libdir=/usr/lib --libexecdir=/usr/lib --mandir=/usr/share/man --infodir=/usr/share/info --with-bugurl=https://bugs.archlinux.org/ --with-build-config=bootstrap-lto --with-linker-hash-style=gnu --with-system-zlib --enable-__cxa_atexit --enable-cet=auto --enable-checking=release --enable-clocale=gnu --enable-default-pie --enable-default-ssp --enable-gnu-indirect-function --enable-gnu-unique-object --enable-libstdcxx-backtrace --enable-link-serialization=1 --enable-linker-build-id --enable-lto --enable-multilib --enable-plugin --enable-shared --enable-threads=posix --disable-libssp --disable-libstdcxx-pch --disable-werror
Thread model: posix
Supported LTO compression algorithms: zlib zstd
gcc version 12.2.0 (GCC) 
COLLECT_GCC_OPTIONS='-D' 'CMAKE_INTDIR="Debug"' '-g' '-v' '-o' 'CMakeFiles/cmTC_d82b0.dir/Debug/CMakeCXXCompilerABI.cpp.o' '-c' '-shared-libgcc' '-mtune=generic' '-march=x86-64' '-dumpdir' 'CMakeFiles/cmTC_d82b0.dir/Debug/'
 /usr/lib/gcc/x86_64-pc-linux-gnu/12.2.0/cc1plus -quiet -v -D_GNU_SOURCE -D CMAKE_INTDIR="Debug" /usr/share/cmake/Modules/CMakeCXXCompilerABI.cpp -quiet -dumpdir CMakeFiles/cmTC_d82b0.dir/Debug/ -dumpbase CMakeCXXCompilerABI.cpp.cpp -dumpbase-ext .cpp -mtune=generic -march=x86-64 -g -version -o /tmp/cc7LA1iw.s
GNU C++17 (GCC) version 12.2.0 (x86_64-pc-linux-gnu)
	compiled by GNU C version 12.2.0, GMP version 6.2.1, MPFR version 4.1.0-p13, MPC version 1.2.1, isl version isl-0.25-GMP

GGC heuristics: --param ggc-min-expand=100 --param ggc-min-heapsize=131072
ignoring nonexistent directory "/usr/lib/gcc/x86_64-pc-linux-gnu/12.2.0/../../../../x86_64-pc-linux-gnu/include"
#include "..." search starts here:
#include <...> search starts here:
 /usr/lib/gcc/x86_64-pc-linux-gnu/12.2.0/../../../../include/c++/12.2.0
 /usr/lib/gcc/x86_64-pc-linux-gnu/12.2.0/../../../../include/c++/12.2.0/x86_64-pc-linux-gnu
 /usr/lib/gcc/x86_64-pc-linux-gnu/12.2.0/../../../../include/c++/12.2.0/backward
 /usr/lib/gcc/x86_64-pc-linux-gnu/12.2.0/include
 /usr/local/include
 /usr/lib/gcc/x86_64-pc-linux-gnu/12.2.0/include-fixed
 /usr/include
End of search list.
GNU C++17 (GCC) version 12.2.0 (x86_64-pc-linux-gnu)
	compiled by GNU C version 12.2.0, GMP version 6.2.1, MPFR version 4.1.0-p13, MPC version 1.2.1, isl version isl-0.25-GMP

GGC heuristics: --param ggc-min-expand=100 --param ggc-min-heapsize=131072
Compiler executable checksum: 402ce889a414e2a3abbbe3146fa0a6cb
COLLECT_GCC_OPTIONS='-D' 'CMAKE_INTDIR="Debug"' '-g' '-v' '-o' 'CMakeFiles/cmTC_d82b0.dir/Debug/CMakeCXXCompilerABI.cpp.o' '-c' '-shared-libgcc' '-mtune=generic' '-march=x86-64' '-dumpdir' 'CMakeFiles/cmTC_d82b0.dir/Debug/'
 as -v --gdwarf-5 --64 -o CMakeFiles/cmTC_d82b0.dir/Debug/CMakeCXXCompilerABI.cpp.o /tmp/cc7LA1iw.s
GNU assembler version 2.39.0 (x86_64-pc-linux-gnu) using BFD version (GNU Binutils) 2.39.0
COMPILER_PATH=/usr/lib/gcc/x86_64-pc-linux-gnu/12.2.0/:/usr/lib/gcc/x86_64-pc-linux-gnu/12.2.0/:/usr/lib/gcc/x86_64-pc-linux-gnu/:/usr/lib/gcc/x86_64-pc-linux-gnu/12.2.0/:/usr/lib/gcc/x86_64-pc-linux-gnu/
LIBRARY_PATH=/usr/lib/gcc/x86_64-pc-linux-gnu/12.2.0/:/usr/lib/gcc/x86_64-pc-linux-gnu/12.2.0/../../../../lib/:/lib/../lib/:/usr/lib/../lib/:/usr/lib/gcc/x86_64-pc-linux-gnu/12.2.0/../../../:/lib/:/usr/lib/
COLLECT_GCC_OPTIONS='-D' 'CMAKE_INTDIR="Debug"' '-g' '-v' '-o' 'CMakeFiles/cmTC_d82b0.dir/Debug/CMakeCXXCompilerABI.cpp.o' '-c' '-shared-libgcc' '-mtune=generic' '-march=x86-64' '-dumpdir' 'CMakeFiles/cmTC_d82b0.dir/Debug/CMakeCXXCompilerABI.cpp.'
[2/2] Linking CXX executable Debug/cmTC_d82b0
Using built-in specs.
COLLECT_GCC=/usr/bin/c++
COLLECT_LTO_WRAPPER=/usr/lib/gcc/x86_64-pc-linux-gnu/12.2.0/lto-wrapper
Target: x86_64-pc-linux-gnu
Configured with: /build/gcc/src/gcc/configure --enable-languages=c,c++,ada,fortran,go,lto,objc,obj-c++,d --enable-bootstrap --prefix=/usr --libdir=/usr/lib --libexecdir=/usr/lib --mandir=/usr/share/man --infodir=/usr/share/info --with-bugurl=https://bugs.archlinux.org/ --with-build-config=bootstrap-lto --with-linker-hash-style=gnu --with-system-zlib --enable-__cxa_atexit --enable-cet=auto --enable-checking=release --enable-clocale=gnu --enable-default-pie --enable-default-ssp --enable-gnu-indirect-function --enable-gnu-unique-object --enable-libstdcxx-backtrace --enable-link-serialization=1 --enable-linker-build-id --enable-lto --enable-multilib --enable-plugin --enable-shared --enable-threads=posix --disable-libssp --disable-libstdcxx-pch --disable-werror
Thread model: posix
Supported LTO compression algorithms: zlib zstd
gcc version 12.2.0 (GCC) 
COMPILER_PATH=/usr/lib/gcc/x86_64-pc-linux-gnu/12.2.0/:/usr/lib/gcc/x86_64-pc-linux-gnu/12.2.0/:/usr/lib/gcc/x86_64-pc-linux-gnu/:/usr/lib/gcc/x86_64-pc-linux-gnu/12.2.0/:/usr/lib/gcc/x86_64-pc-linux-gnu/
LIBRARY_PATH=/usr/lib/gcc/x86_64-pc-linux-gnu/12.2.0/:/usr/lib/gcc/x86_64-pc-linux-gnu/12.2.0/../../../../lib/:/lib/../lib/:/usr/lib/../lib/:/usr/lib/gcc/x86_64-pc-linux-gnu/12.2.0/../../../:/lib/:/usr/lib/
COLLECT_GCC_OPTIONS='-g' '-v' '-o' 'Debug/cmTC_d82b0' '-shared-libgcc' '-mtune=generic' '-march=x86-64' '-dumpdir' 'Debug/cmTC_d82b0.'
 /usr/lib/gcc/x86_64-pc-linux-gnu/12.2.0/collect2 -plugin /usr/lib/gcc/x86_64-pc-linux-gnu/12.2.0/liblto_plugin.so -plugin-opt=/usr/lib/gcc/x86_64-pc-linux-gnu/12.2.0/lto-wrapper -plugin-opt=-fresolution=/tmp/ccR9L88Y.res -plugin-opt=-pass-through=-lgcc_s -plugin-opt=-pass-through=-lgcc -plugin-opt=-pass-through=-lc -plugin-opt=-pass-through=-lgcc_s -plugin-opt=-pass-through=-lgcc --build-id --eh-frame-hdr --hash-style=gnu -m elf_x86_64 -dynamic-linker /lib64/ld-linux-x86-64.so.2 -pie -o Debug/cmTC_d82b0 /usr/lib/gcc/x86_64-pc-linux-gnu/12.2.0/../../../../lib/Scrt1.o /usr/lib/gcc/x86_64-pc-linux-gnu/12.2.0/../../../../lib/crti.o /usr/lib/gcc/x86_64-pc-linux-gnu/12.2.0/crtbeginS.o -L/usr/lib/gcc/x86_64-pc-linux-gnu/12.2.0 -L/usr/lib/gcc/x86_64-pc-linux-gnu/12.2.0/../../../../lib -L/lib/../lib -L/usr/lib/../lib -L/usr/lib/gcc/x86_64-pc-linux-gnu/12.2.0/../../.. CMakeFiles/cmTC_d82b0.dir/Debug/CMakeCXXCompilerABI.cpp.o -lstdc++ -lm -lgcc_s -lgcc -lc -lgcc_s -lgcc /usr/lib/gcc/x86_64-pc-linux-gnu/12.2.0/crtendS.o /usr/lib/gcc/x86_64-pc-linux-gnu/12.2.0/../../../../lib/crtn.o
COLLECT_GCC_OPTIONS='-g' '-v' '-o' 'Debug/cmTC_d82b0' '-shared-libgcc' '-mtune=generic' '-march=x86-64' '-dumpdir' 'Debug/cmTC_d82b0.'



Parsed CXX implicit include dir info from above output: rv=done
  found start of include info
  found start of implicit include info
    add: [/usr/lib/gcc/x86_64-pc-linux-gnu/12.2.0/../../../../include/c++/12.2.0]
    add: [/usr/lib/gcc/x86_64-pc-linux-gnu/12.2.0/../../../../include/c++/12.2.0/x86_64-pc-linux-gnu]
    add: [/usr/lib/gcc/x86_64-pc-linux-gnu/12.2.0/../../../../include/c++/12.2.0/backward]
    add: [/usr/lib/gcc/x86_64-pc-linux-gnu/12.2.0/include]
    add: [/usr/local/include]
    add: [/usr/lib/gcc/x86_64-pc-linux-gnu/12.2.0/include-fixed]
    add: [/usr/include]
  end of search list found
  collapse include dir [/usr/lib/gcc/x86_64-pc-linux-gnu/12.2.0/../../../../include/c++/12.2.0] ==> [/usr/include/c++/12.2.0]
  collapse include dir [/usr/lib/gcc/x86_64-pc-linux-gnu/12.2.0/../../../../include/c++/12.2.0/x86_64-pc-linux-gnu] ==> [/usr/include/c++/12.2.0/x86_64-pc-linux-gnu]
  collapse include dir [/usr/lib/gcc/x86_64-pc-linux-gnu/12.2.0/../../../../include/c++/12.2.0/backward] ==> [/usr/include/c++/12.2.0/backward]
  collapse include dir [/usr/lib/gcc/x86_64-pc-linux-gnu/12.2.0/include] ==> [/usr/lib/gcc/x86_64-pc-linux-gnu/12.2.0/include]
  collapse include dir [/usr/local/include] ==> [/usr/local/include]
  collapse include dir [/usr/lib/gcc/x86_64-pc-linux-gnu/12.2.0/include-fixed] ==> [/usr/lib/gcc/x86_64-pc-linux-gnu/12.2.0/include-fixed]
  collapse include dir [/usr/include] ==> [/usr/include]
  implicit include dirs: [/usr/include/c++/12.2.0;/usr/include/c++/12.2.0/x86_64-pc-linux-gnu;/usr/include/c++/12.2.0/backward;/usr/lib/gcc/x86_64-pc-linux-gnu/12.2.0/include;/usr/local/include;/usr/lib/gcc/x86_64-pc-linux-gnu/12.2.0/include-fixed;/usr/include]


Parsed CXX implicit link information from above output:
  link line regex: [^( *|.*[/\])(ld|CMAKE_LINK_STARTFILE-NOTFOUND|([^/\]+-)?ld|collect2)[^/\]*( |$)]
  ignore line: [Change Dir: /home/matejs/Projects/School/SEM/atmosphere-bac/build/clang-x86_64-linux-gnu/CMakeFiles/CMakeTmp]
  ignore line: []
  ignore line: [Run Build Command(s):/usr/bin/ninja cmTC_d82b0 && [1/2] Building CXX object CMakeFiles/cmTC_d82b0.dir/Debug/CMakeCXXCompilerABI.cpp.o]
  ignore line: [Using built-in specs.]
  ignore line: [COLLECT_GCC=/usr/bin/c++]
  ignore line: [Target: x86_64-pc-linux-gnu]
  ignore line: [Configured with: /build/gcc/src/gcc/configure --enable-languages=c c++ ada fortran go lto objc obj-c++ d --enable-bootstrap --prefix=/usr --libdir=/usr/lib --libexecdir=/usr/lib --mandir=/usr/share/man --infodir=/usr/share/info --with-bugurl=https://bugs.archlinux.org/ --with-build-config=bootstrap-lto --with-linker-hash-style=gnu --with-system-zlib --enable-__cxa_atexit --enable-cet=auto --enable-checking=release --enable-clocale=gnu --enable-default-pie --enable-default-ssp --enable-gnu-indirect-function --enable-gnu-unique-object --enable-libstdcxx-backtrace --enable-link-serialization=1 --enable-linker-build-id --enable-lto --enable-multilib --enable-plugin --enable-shared --enable-threads=posix --disable-libssp --disable-libstdcxx-pch --disable-werror]
  ignore line: [Thread model: posix]
  ignore line: [Supported LTO compression algorithms: zlib zstd]
  ignore line: [gcc version 12.2.0 (GCC) ]
  ignore line: [COLLECT_GCC_OPTIONS='-D' 'CMAKE_INTDIR="Debug"' '-g' '-v' '-o' 'CMakeFiles/cmTC_d82b0.dir/Debug/CMakeCXXCompilerABI.cpp.o' '-c' '-shared-libgcc' '-mtune=generic' '-march=x86-64' '-dumpdir' 'CMakeFiles/cmTC_d82b0.dir/Debug/']
  ignore line: [ /usr/lib/gcc/x86_64-pc-linux-gnu/12.2.0/cc1plus -quiet -v -D_GNU_SOURCE -D CMAKE_INTDIR="Debug" /usr/share/cmake/Modules/CMakeCXXCompilerABI.cpp -quiet -dumpdir CMakeFiles/cmTC_d82b0.dir/Debug/ -dumpbase CMakeCXXCompilerABI.cpp.cpp -dumpbase-ext .cpp -mtune=generic -march=x86-64 -g -version -o /tmp/cc7LA1iw.s]
  ignore line: [GNU C++17 (GCC) version 12.2.0 (x86_64-pc-linux-gnu)]
  ignore line: [	compiled by GNU C version 12.2.0  GMP version 6.2.1  MPFR version 4.1.0-p13  MPC version 1.2.1  isl version isl-0.25-GMP]
  ignore line: []
  ignore line: [GGC heuristics: --param ggc-min-expand=100 --param ggc-min-heapsize=131072]
  ignore line: [ignoring nonexistent directory "/usr/lib/gcc/x86_64-pc-linux-gnu/12.2.0/../../../../x86_64-pc-linux-gnu/include"]
  ignore line: [#include "..." search starts here:]
  ignore line: [#include <...> search starts here:]
  ignore line: [ /usr/lib/gcc/x86_64-pc-linux-gnu/12.2.0/../../../../include/c++/12.2.0]
  ignore line: [ /usr/lib/gcc/x86_64-pc-linux-gnu/12.2.0/../../../../include/c++/12.2.0/x86_64-pc-linux-gnu]
  ignore line: [ /usr/lib/gcc/x86_64-pc-linux-gnu/12.2.0/../../../../include/c++/12.2.0/backward]
  ignore line: [ /usr/lib/gcc/x86_64-pc-linux-gnu/12.2.0/include]
  ignore line: [ /usr/local/include]
  ignore line: [ /usr/lib/gcc/x86_64-pc-linux-gnu/12.2.0/include-fixed]
  ignore line: [ /usr/include]
  ignore line: [End of search list.]
  ignore line: [GNU C++17 (GCC) version 12.2.0 (x86_64-pc-linux-gnu)]
  ignore line: [	compiled by GNU C version 12.2.0  GMP version 6.2.1  MPFR version 4.1.0-p13  MPC version 1.2.1  isl version isl-0.25-GMP]
  ignore line: []
  ignore line: [GGC heuristics: --param ggc-min-expand=100 --param ggc-min-heapsize=131072]
  ignore line: [Compiler executable checksum: 402ce889a414e2a3abbbe3146fa0a6cb]
  ignore line: [COLLECT_GCC_OPTIONS='-D' 'CMAKE_INTDIR="Debug"' '-g' '-v' '-o' 'CMakeFiles/cmTC_d82b0.dir/Debug/CMakeCXXCompilerABI.cpp.o' '-c' '-shared-libgcc' '-mtune=generic' '-march=x86-64' '-dumpdir' 'CMakeFiles/cmTC_d82b0.dir/Debug/']
  ignore line: [ as -v --gdwarf-5 --64 -o CMakeFiles/cmTC_d82b0.dir/Debug/CMakeCXXCompilerABI.cpp.o /tmp/cc7LA1iw.s]
  ignore line: [GNU assembler version 2.39.0 (x86_64-pc-linux-gnu) using BFD version (GNU Binutils) 2.39.0]
  ignore line: [COMPILER_PATH=/usr/lib/gcc/x86_64-pc-linux-gnu/12.2.0/:/usr/lib/gcc/x86_64-pc-linux-gnu/12.2.0/:/usr/lib/gcc/x86_64-pc-linux-gnu/:/usr/lib/gcc/x86_64-pc-linux-gnu/12.2.0/:/usr/lib/gcc/x86_64-pc-linux-gnu/]
  ignore line: [LIBRARY_PATH=/usr/lib/gcc/x86_64-pc-linux-gnu/12.2.0/:/usr/lib/gcc/x86_64-pc-linux-gnu/12.2.0/../../../../lib/:/lib/../lib/:/usr/lib/../lib/:/usr/lib/gcc/x86_64-pc-linux-gnu/12.2.0/../../../:/lib/:/usr/lib/]
  ignore line: [COLLECT_GCC_OPTIONS='-D' 'CMAKE_INTDIR="Debug"' '-g' '-v' '-o' 'CMakeFiles/cmTC_d82b0.dir/Debug/CMakeCXXCompilerABI.cpp.o' '-c' '-shared-libgcc' '-mtune=generic' '-march=x86-64' '-dumpdir' 'CMakeFiles/cmTC_d82b0.dir/Debug/CMakeCXXCompilerABI.cpp.']
  ignore line: [[2/2] Linking CXX executable Debug/cmTC_d82b0]
  ignore line: [Using built-in specs.]
  ignore line: [COLLECT_GCC=/usr/bin/c++]
  ignore line: [COLLECT_LTO_WRAPPER=/usr/lib/gcc/x86_64-pc-linux-gnu/12.2.0/lto-wrapper]
  ignore line: [Target: x86_64-pc-linux-gnu]
  ignore line: [Configured with: /build/gcc/src/gcc/configure --enable-languages=c c++ ada fortran go lto objc obj-c++ d --enable-bootstrap --prefix=/usr --libdir=/usr/lib --libexecdir=/usr/lib --mandir=/usr/share/man --infodir=/usr/share/info --with-bugurl=https://bugs.archlinux.org/ --with-build-config=bootstrap-lto --with-linker-hash-style=gnu --with-system-zlib --enable-__cxa_atexit --enable-cet=auto --enable-checking=release --enable-clocale=gnu --enable-default-pie --enable-default-ssp --enable-gnu-indirect-function --enable-gnu-unique-object --enable-libstdcxx-backtrace --enable-link-serialization=1 --enable-linker-build-id --enable-lto --enable-multilib --enable-plugin --enable-shared --enable-threads=posix --disable-libssp --disable-libstdcxx-pch --disable-werror]
  ignore line: [Thread model: posix]
  ignore line: [Supported LTO compression algorithms: zlib zstd]
  ignore line: [gcc version 12.2.0 (GCC) ]
  ignore line: [COMPILER_PATH=/usr/lib/gcc/x86_64-pc-linux-gnu/12.2.0/:/usr/lib/gcc/x86_64-pc-linux-gnu/12.2.0/:/usr/lib/gcc/x86_64-pc-linux-gnu/:/usr/lib/gcc/x86_64-pc-linux-gnu/12.2.0/:/usr/lib/gcc/x86_64-pc-linux-gnu/]
  ignore line: [LIBRARY_PATH=/usr/lib/gcc/x86_64-pc-linux-gnu/12.2.0/:/usr/lib/gcc/x86_64-pc-linux-gnu/12.2.0/../../../../lib/:/lib/../lib/:/usr/lib/../lib/:/usr/lib/gcc/x86_64-pc-linux-gnu/12.2.0/../../../:/lib/:/usr/lib/]
  ignore line: [COLLECT_GCC_OPTIONS='-g' '-v' '-o' 'Debug/cmTC_d82b0' '-shared-libgcc' '-mtune=generic' '-march=x86-64' '-dumpdir' 'Debug/cmTC_d82b0.']
  link line: [ /usr/lib/gcc/x86_64-pc-linux-gnu/12.2.0/collect2 -plugin /usr/lib/gcc/x86_64-pc-linux-gnu/12.2.0/liblto_plugin.so -plugin-opt=/usr/lib/gcc/x86_64-pc-linux-gnu/12.2.0/lto-wrapper -plugin-opt=-fresolution=/tmp/ccR9L88Y.res -plugin-opt=-pass-through=-lgcc_s -plugin-opt=-pass-through=-lgcc -plugin-opt=-pass-through=-lc -plugin-opt=-pass-through=-lgcc_s -plugin-opt=-pass-through=-lgcc --build-id --eh-frame-hdr --hash-style=gnu -m elf_x86_64 -dynamic-linker /lib64/ld-linux-x86-64.so.2 -pie -o Debug/cmTC_d82b0 /usr/lib/gcc/x86_64-pc-linux-gnu/12.2.0/../../../../lib/Scrt1.o /usr/lib/gcc/x86_64-pc-linux-gnu/12.2.0/../../../../lib/crti.o /usr/lib/gcc/x86_64-pc-linux-gnu/12.2.0/crtbeginS.o -L/usr/lib/gcc/x86_64-pc-linux-gnu/12.2.0 -L/usr/lib/gcc/x86_64-pc-linux-gnu/12.2.0/../../../../lib -L/lib/../lib -L/usr/lib/../lib -L/usr/lib/gcc/x86_64-pc-linux-gnu/12.2.0/../../.. CMakeFiles/cmTC_d82b0.dir/Debug/CMakeCXXCompilerABI.cpp.o -lstdc++ -lm -lgcc_s -lgcc -lc -lgcc_s -lgcc /usr/lib/gcc/x86_64-pc-linux-gnu/12.2.0/crtendS.o /usr/lib/gcc/x86_64-pc-linux-gnu/12.2.0/../../../../lib/crtn.o]
    arg [/usr/lib/gcc/x86_64-pc-linux-gnu/12.2.0/collect2] ==> ignore
    arg [-plugin] ==> ignore
    arg [/usr/lib/gcc/x86_64-pc-linux-gnu/12.2.0/liblto_plugin.so] ==> ignore
    arg [-plugin-opt=/usr/lib/gcc/x86_64-pc-linux-gnu/12.2.0/lto-wrapper] ==> ignore
    arg [-plugin-opt=-fresolution=/tmp/ccR9L88Y.res] ==> ignore
    arg [-plugin-opt=-pass-through=-lgcc_s] ==> ignore
    arg [-plugin-opt=-pass-through=-lgcc] ==> ignore
    arg [-plugin-opt=-pass-through=-lc] ==> ignore
    arg [-plugin-opt=-pass-through=-lgcc_s] ==> ignore
    arg [-plugin-opt=-pass-through=-lgcc] ==> ignore
    arg [--build-id] ==> ignore
    arg [--eh-frame-hdr] ==> ignore
    arg [--hash-style=gnu] ==> ignore
    arg [-m] ==> ignore
    arg [elf_x86_64] ==> ignore
    arg [-dynamic-linker] ==> ignore
    arg [/lib64/ld-linux-x86-64.so.2] ==> ignore
    arg [-pie] ==> ignore
    arg [-o] ==> ignore
    arg [Debug/cmTC_d82b0] ==> ignore
    arg [/usr/lib/gcc/x86_64-pc-linux-gnu/12.2.0/../../../../lib/Scrt1.o] ==> obj [/usr/lib/gcc/x86_64-pc-linux-gnu/12.2.0/../../../../lib/Scrt1.o]
    arg [/usr/lib/gcc/x86_64-pc-linux-gnu/12.2.0/../../../../lib/crti.o] ==> obj [/usr/lib/gcc/x86_64-pc-linux-gnu/12.2.0/../../../../lib/crti.o]
    arg [/usr/lib/gcc/x86_64-pc-linux-gnu/12.2.0/crtbeginS.o] ==> obj [/usr/lib/gcc/x86_64-pc-linux-gnu/12.2.0/crtbeginS.o]
    arg [-L/usr/lib/gcc/x86_64-pc-linux-gnu/12.2.0] ==> dir [/usr/lib/gcc/x86_64-pc-linux-gnu/12.2.0]
    arg [-L/usr/lib/gcc/x86_64-pc-linux-gnu/12.2.0/../../../../lib] ==> dir [/usr/lib/gcc/x86_64-pc-linux-gnu/12.2.0/../../../../lib]
    arg [-L/lib/../lib] ==> dir [/lib/../lib]
    arg [-L/usr/lib/../lib] ==> dir [/usr/lib/../lib]
    arg [-L/usr/lib/gcc/x86_64-pc-linux-gnu/12.2.0/../../..] ==> dir [/usr/lib/gcc/x86_64-pc-linux-gnu/12.2.0/../../..]
    arg [CMakeFiles/cmTC_d82b0.dir/Debug/CMakeCXXCompilerABI.cpp.o] ==> ignore
    arg [-lstdc++] ==> lib [stdc++]
    arg [-lm] ==> lib [m]
    arg [-lgcc_s] ==> lib [gcc_s]
    arg [-lgcc] ==> lib [gcc]
    arg [-lc] ==> lib [c]
    arg [-lgcc_s] ==> lib [gcc_s]
    arg [-lgcc] ==> lib [gcc]
    arg [/usr/lib/gcc/x86_64-pc-linux-gnu/12.2.0/crtendS.o] ==> obj [/usr/lib/gcc/x86_64-pc-linux-gnu/12.2.0/crtendS.o]
    arg [/usr/lib/gcc/x86_64-pc-linux-gnu/12.2.0/../../../../lib/crtn.o] ==> obj [/usr/lib/gcc/x86_64-pc-linux-gnu/12.2.0/../../../../lib/crtn.o]
  collapse obj [/usr/lib/gcc/x86_64-pc-linux-gnu/12.2.0/../../../../lib/Scrt1.o] ==> [/usr/lib/Scrt1.o]
  collapse obj [/usr/lib/gcc/x86_64-pc-linux-gnu/12.2.0/../../../../lib/crti.o] ==> [/usr/lib/crti.o]
  collapse obj [/usr/lib/gcc/x86_64-pc-linux-gnu/12.2.0/../../../../lib/crtn.o] ==> [/usr/lib/crtn.o]
  collapse library dir [/usr/lib/gcc/x86_64-pc-linux-gnu/12.2.0] ==> [/usr/lib/gcc/x86_64-pc-linux-gnu/12.2.0]
  collapse library dir [/usr/lib/gcc/x86_64-pc-linux-gnu/12.2.0/../../../../lib] ==> [/usr/lib]
  collapse library dir [/lib/../lib] ==> [/lib]
  collapse library dir [/usr/lib/../lib] ==> [/usr/lib]
  collapse library dir [/usr/lib/gcc/x86_64-pc-linux-gnu/12.2.0/../../..] ==> [/usr/lib]
  implicit libs: [stdc++;m;gcc_s;gcc;c;gcc_s;gcc]
  implicit objs: [/usr/lib/Scrt1.o;/usr/lib/crti.o;/usr/lib/gcc/x86_64-pc-linux-gnu/12.2.0/crtbeginS.o;/usr/lib/gcc/x86_64-pc-linux-gnu/12.2.0/crtendS.o;/usr/lib/crtn.o]
  implicit dirs: [/usr/lib/gcc/x86_64-pc-linux-gnu/12.2.0;/usr/lib;/lib]
  implicit fwks: []


Performing C SOURCE FILE Test CMAKE_HAVE_LIBC_PTHREAD succeeded with the following output:
Change Dir: /home/matejs/Projects/School/SEM/atmosphere-bac/build/clang-x86_64-linux-gnu/CMakeFiles/CMakeTmp

Run Build Command(s):/usr/bin/ninja cmTC_983ee && [1/2] Building C object CMakeFiles/cmTC_983ee.dir/Debug/src.c.o
[2/2] Linking C executable Debug/cmTC_983ee


Source file was:
#include <pthread.h>

static void* test_func(void* data)
{
  return data;
}

int main(void)
{
  pthread_t thread;
  pthread_create(&thread, NULL, test_func, NULL);
  pthread_detach(thread);
  pthread_cancel(thread);
  pthread_join(thread, NULL);
  pthread_atfork(NULL, NULL, NULL);
  pthread_exit(NULL);

  return 0;
}

Determining if the function XOpenDisplay exists in the /usr/lib/libX11.so;/usr/lib/libXext.so passed with the following output:
Change Dir: /home/matejs/Projects/School/SEM/atmosphere-bac/build/clang-x86_64-linux-gnu/CMakeFiles/CMakeTmp

Run Build Command(s):/usr/bin/ninja cmTC_06e81 && [1/2] Building C object CMakeFiles/cmTC_06e81.dir/Debug/CheckFunctionExists.c.o
[2/2] Linking C executable Debug/cmTC_06e81



Determining if the function gethostbyname exists passed with the following output:
Change Dir: /home/matejs/Projects/School/SEM/atmosphere-bac/build/clang-x86_64-linux-gnu/CMakeFiles/CMakeTmp

Run Build Command(s):/usr/bin/ninja cmTC_ddcdb && [1/2] Building C object CMakeFiles/cmTC_ddcdb.dir/Debug/CheckFunctionExists.c.o
[2/2] Linking C executable Debug/cmTC_ddcdb



Determining if the function connect exists passed with the following output:
Change Dir: /home/matejs/Projects/School/SEM/atmosphere-bac/build/clang-x86_64-linux-gnu/CMakeFiles/CMakeTmp

Run Build Command(s):/usr/bin/ninja cmTC_8917c && [1/2] Building C object CMakeFiles/cmTC_8917c.dir/Debug/CheckFunctionExists.c.o
[2/2] Linking C executable Debug/cmTC_8917c



Determining if the function remove exists passed with the following output:
Change Dir: /home/matejs/Projects/School/SEM/atmosphere-bac/build/clang-x86_64-linux-gnu/CMakeFiles/CMakeTmp

Run Build Command(s):/usr/bin/ninja cmTC_f08e3 && [1/2] Building C object CMakeFiles/cmTC_f08e3.dir/Debug/CheckFunctionExists.c.o
[2/2] Linking C executable Debug/cmTC_f08e3



Determining if the function shmat exists passed with the following output:
Change Dir: /home/matejs/Projects/School/SEM/atmosphere-bac/build/clang-x86_64-linux-gnu/CMakeFiles/CMakeTmp

Run Build Command(s):/usr/bin/ninja cmTC_d7ea6 && [1/2] Building C object CMakeFiles/cmTC_d7ea6.dir/Debug/CheckFunctionExists.c.o
[2/2] Linking C executable Debug/cmTC_d7ea6



Determining if the function IceConnectionNumber exists in the ICE passed with the following output:
Change Dir: /home/matejs/Projects/School/SEM/atmosphere-bac/build/clang-x86_64-linux-gnu/CMakeFiles/CMakeTmp

Run Build Command(s):/usr/bin/ninja cmTC_2a943 && [1/2] Building C object CMakeFiles/cmTC_2a943.dir/Debug/CheckFunctionExists.c.o
[2/2] Linking C executable Debug/cmTC_2a943



